{"/Users/cong/go/src/github.com/zcong1993/tools/env-plus/src/index.ts": {"path":"/Users/cong/go/src/github.com/zcong1993/tools/env-plus/src/index.ts","statementMap":{"0":{"start":{"line":1,"column":0},"end":{"line":1,"column":26}},"1":{"start":{"line":16,"column":4},"end":{"line":16,"column":24}},"2":{"start":{"line":17,"column":4},"end":{"line":17,"column":28}},"3":{"start":{"line":21,"column":14},"end":{"line":21,"column":31}},"4":{"start":{"line":22,"column":4},"end":{"line":22,"column":22}},"5":{"start":{"line":26,"column":4},"end":{"line":26,"column":36}},"6":{"start":{"line":30,"column":15},"end":{"line":30,"column":34}},"7":{"start":{"line":31,"column":4},"end":{"line":34,"column":5}},"8":{"start":{"line":32,"column":6},"end":{"line":32,"column":67}},"9":{"start":{"line":32,"column":25},"end":{"line":32,"column":67}},"10":{"start":{"line":33,"column":6},"end":{"line":33,"column":49}},"11":{"start":{"line":35,"column":4},"end":{"line":35,"column":12}},"12":{"start":{"line":39,"column":14},"end":{"line":39,"column":31}},"13":{"start":{"line":40,"column":16},"end":{"line":40,"column":38}},"14":{"start":{"line":41,"column":4},"end":{"line":44,"column":5}},"15":{"start":{"line":42,"column":6},"end":{"line":42,"column":65}},"16":{"start":{"line":42,"column":25},"end":{"line":42,"column":65}},"17":{"start":{"line":43,"column":6},"end":{"line":43,"column":47}},"18":{"start":{"line":45,"column":4},"end":{"line":45,"column":69}},"19":{"start":{"line":45,"column":54},"end":{"line":45,"column":62}},"20":{"start":{"line":49,"column":14},"end":{"line":49,"column":31}},"21":{"start":{"line":50,"column":16},"end":{"line":50,"column":38}},"22":{"start":{"line":51,"column":4},"end":{"line":54,"column":5}},"23":{"start":{"line":52,"column":6},"end":{"line":52,"column":65}},"24":{"start":{"line":52,"column":25},"end":{"line":52,"column":65}},"25":{"start":{"line":53,"column":6},"end":{"line":53,"column":47}},"26":{"start":{"line":55,"column":4},"end":{"line":55,"column":26}},"27":{"start":{"line":59,"column":21},"end":{"line":59,"column":23}},"28":{"start":{"line":60,"column":14},"end":{"line":60,"column":31}},"29":{"start":{"line":61,"column":14},"end":{"line":61,"column":22}},"30":{"start":{"line":62,"column":4},"end":{"line":64,"column":5}},"31":{"start":{"line":63,"column":6},"end":{"line":63,"column":35}},"32":{"start":{"line":66,"column":4},"end":{"line":66,"column":58}},"33":{"start":{"line":67,"column":4},"end":{"line":67,"column":45}},"34":{"start":{"line":68,"column":4},"end":{"line":70,"column":5}},"35":{"start":{"line":69,"column":6},"end":{"line":69,"column":50}},"36":{"start":{"line":71,"column":4},"end":{"line":71,"column":39}},"37":{"start":{"line":73,"column":4},"end":{"line":73,"column":14}},"38":{"start":{"line":77,"column":21},"end":{"line":77,"column":23}},"39":{"start":{"line":78,"column":14},"end":{"line":78,"column":31}},"40":{"start":{"line":79,"column":14},"end":{"line":79,"column":22}},"41":{"start":{"line":80,"column":4},"end":{"line":82,"column":5}},"42":{"start":{"line":81,"column":6},"end":{"line":81,"column":35}},"43":{"start":{"line":84,"column":4},"end":{"line":84,"column":58}},"44":{"start":{"line":85,"column":4},"end":{"line":85,"column":45}},"45":{"start":{"line":87,"column":4},"end":{"line":89,"column":5}},"46":{"start":{"line":88,"column":6},"end":{"line":88,"column":42}},"47":{"start":{"line":90,"column":4},"end":{"line":90,"column":54}},"48":{"start":{"line":92,"column":4},"end":{"line":92,"column":14}},"49":{"start":{"line":8,"column":0},"end":{"line":94,"column":1}}},"fnMap":{"0":{"name":"(anonymous_0)","decl":{"start":{"line":12,"column":2},"end":{"line":12,"column":13}},"loc":{"start":{"line":15,"column":9},"end":{"line":18,"column":3}}},"1":{"name":"(anonymous_1)","decl":{"start":{"line":20,"column":2},"end":{"line":20,"column":7}},"loc":{"start":{"line":20,"column":34},"end":{"line":23,"column":3}}},"2":{"name":"(anonymous_2)","decl":{"start":{"line":25,"column":2},"end":{"line":25,"column":7}},"loc":{"start":{"line":25,"column":21},"end":{"line":27,"column":3}}},"3":{"name":"(anonymous_3)","decl":{"start":{"line":29,"column":2},"end":{"line":29,"column":5}},"loc":{"start":{"line":29,"column":19},"end":{"line":36,"column":3}}},"4":{"name":"(anonymous_4)","decl":{"start":{"line":38,"column":2},"end":{"line":38,"column":4}},"loc":{"start":{"line":38,"column":61},"end":{"line":46,"column":3}}},"5":{"name":"(anonymous_5)","decl":{"start":{"line":45,"column":31},"end":{"line":45,"column":32}},"loc":{"start":{"line":45,"column":54},"end":{"line":45,"column":62}}},"6":{"name":"(anonymous_6)","decl":{"start":{"line":48,"column":2},"end":{"line":48,"column":10}},"loc":{"start":{"line":48,"column":49},"end":{"line":56,"column":3}}},"7":{"name":"(anonymous_7)","decl":{"start":{"line":58,"column":2},"end":{"line":58,"column":6}},"loc":{"start":{"line":58,"column":20},"end":{"line":74,"column":3}}},"8":{"name":"(anonymous_8)","decl":{"start":{"line":76,"column":2},"end":{"line":76,"column":6}},"loc":{"start":{"line":76,"column":20},"end":{"line":93,"column":3}}}},"branchMap":{"0":{"loc":{"start":{"line":13,"column":13},"end":{"line":13,"column":24}},"type":"default-arg","locations":[{"start":{"line":13,"column":13},"end":{"line":13,"column":24}}]},"1":{"loc":{"start":{"line":14,"column":15},"end":{"line":14,"column":20}},"type":"default-arg","locations":[{"start":{"line":14,"column":15},"end":{"line":14,"column":20}}]},"2":{"loc":{"start":{"line":22,"column":15},"end":{"line":22,"column":16}},"type":"cond-expr","locations":[{"start":{"line":22,"column":15},"end":{"line":22,"column":16}},{"start":{"line":22,"column":19},"end":{"line":22,"column":22}}]},"3":{"loc":{"start":{"line":31,"column":4},"end":{"line":34,"column":5}},"type":"if","locations":[{"start":{"line":31,"column":4},"end":{"line":34,"column":5}},{"start":{"line":31,"column":4},"end":{"line":34,"column":5}}]},"4":{"loc":{"start":{"line":31,"column":8},"end":{"line":31,"column":14}},"type":"binary-expr","locations":[{"start":{"line":31,"column":8},"end":{"line":31,"column":14}},{"start":{"line":31,"column":18},"end":{"line":31,"column":28}}]},"5":{"loc":{"start":{"line":32,"column":6},"end":{"line":32,"column":67}},"type":"if","locations":[{"start":{"line":32,"column":6},"end":{"line":32,"column":67}},{"start":{"line":32,"column":6},"end":{"line":32,"column":67}}]},"6":{"loc":{"start":{"line":38,"column":40},"end":{"line":38,"column":43}},"type":"default-arg","locations":[{"start":{"line":38,"column":40},"end":{"line":38,"column":43}}]},"7":{"loc":{"start":{"line":38,"column":57},"end":{"line":38,"column":61}},"type":"default-arg","locations":[{"start":{"line":38,"column":57},"end":{"line":38,"column":61}}]},"8":{"loc":{"start":{"line":41,"column":4},"end":{"line":44,"column":5}},"type":"if","locations":[{"start":{"line":41,"column":4},"end":{"line":44,"column":5}},{"start":{"line":41,"column":4},"end":{"line":44,"column":5}}]},"9":{"loc":{"start":{"line":42,"column":6},"end":{"line":42,"column":65}},"type":"if","locations":[{"start":{"line":42,"column":6},"end":{"line":42,"column":65}},{"start":{"line":42,"column":6},"end":{"line":42,"column":65}}]},"10":{"loc":{"start":{"line":45,"column":23},"end":{"line":45,"column":63}},"type":"cond-expr","locations":[{"start":{"line":45,"column":23},"end":{"line":45,"column":63}},{"start":{"line":45,"column":66},"end":{"line":45,"column":69}}]},"11":{"loc":{"start":{"line":48,"column":46},"end":{"line":48,"column":49}},"type":"default-arg","locations":[{"start":{"line":48,"column":46},"end":{"line":48,"column":49}}]},"12":{"loc":{"start":{"line":51,"column":4},"end":{"line":54,"column":5}},"type":"if","locations":[{"start":{"line":51,"column":4},"end":{"line":54,"column":5}},{"start":{"line":51,"column":4},"end":{"line":54,"column":5}}]},"13":{"loc":{"start":{"line":52,"column":6},"end":{"line":52,"column":65}},"type":"if","locations":[{"start":{"line":52,"column":6},"end":{"line":52,"column":65}},{"start":{"line":52,"column":6},"end":{"line":52,"column":65}}]},"14":{"loc":{"start":{"line":62,"column":4},"end":{"line":64,"column":5}},"type":"if","locations":[{"start":{"line":62,"column":4},"end":{"line":64,"column":5}},{"start":{"line":62,"column":4},"end":{"line":64,"column":5}}]},"15":{"loc":{"start":{"line":66,"column":24},"end":{"line":66,"column":44}},"type":"cond-expr","locations":[{"start":{"line":66,"column":24},"end":{"line":66,"column":44}},{"start":{"line":66,"column":47},"end":{"line":66,"column":58}}]},"16":{"loc":{"start":{"line":67,"column":31},"end":{"line":67,"column":37}},"type":"cond-expr","locations":[{"start":{"line":67,"column":31},"end":{"line":67,"column":37}},{"start":{"line":67,"column":40},"end":{"line":67,"column":44}}]},"17":{"loc":{"start":{"line":68,"column":4},"end":{"line":70,"column":5}},"type":"if","locations":[{"start":{"line":68,"column":4},"end":{"line":70,"column":5}},{"start":{"line":68,"column":4},"end":{"line":70,"column":5}}]},"18":{"loc":{"start":{"line":80,"column":4},"end":{"line":82,"column":5}},"type":"if","locations":[{"start":{"line":80,"column":4},"end":{"line":82,"column":5}},{"start":{"line":80,"column":4},"end":{"line":82,"column":5}}]},"19":{"loc":{"start":{"line":84,"column":24},"end":{"line":84,"column":44}},"type":"cond-expr","locations":[{"start":{"line":84,"column":24},"end":{"line":84,"column":44}},{"start":{"line":84,"column":47},"end":{"line":84,"column":58}}]},"20":{"loc":{"start":{"line":85,"column":31},"end":{"line":85,"column":37}},"type":"cond-expr","locations":[{"start":{"line":85,"column":31},"end":{"line":85,"column":37}},{"start":{"line":85,"column":40},"end":{"line":85,"column":44}}]},"21":{"loc":{"start":{"line":87,"column":4},"end":{"line":89,"column":5}},"type":"if","locations":[{"start":{"line":87,"column":4},"end":{"line":89,"column":5}},{"start":{"line":87,"column":4},"end":{"line":89,"column":5}}]},"22":{"loc":{"start":{"line":90,"column":29},"end":{"line":90,"column":49}},"type":"cond-expr","locations":[{"start":{"line":90,"column":29},"end":{"line":90,"column":49}},{"start":{"line":90,"column":52},"end":{"line":90,"column":53}}]}},"s":{"0":1,"1":2,"2":2,"3":3,"4":3,"5":1,"6":4,"7":4,"8":2,"9":1,"10":1,"11":3,"12":4,"13":4,"14":4,"15":2,"16":1,"17":1,"18":3,"19":6,"20":3,"21":3,"22":3,"23":2,"24":1,"25":1,"26":2,"27":3,"28":3,"29":3,"30":3,"31":1,"32":2,"33":2,"34":2,"35":1,"36":2,"37":2,"38":3,"39":3,"40":3,"41":3,"42":1,"43":2,"44":2,"45":2,"46":1,"47":2,"48":2,"49":1},"f":{"0":2,"1":3,"2":1,"3":4,"4":4,"5":6,"6":3,"7":3,"8":3},"b":{"0":[2],"1":[1],"2":[2,1],"3":[2,2],"4":[4,2],"5":[1,1],"6":[3],"7":[3],"8":[2,2],"9":[1,1],"10":[2,1],"11":[3],"12":[2,1],"13":[1,1],"14":[1,2],"15":[1,1],"16":[1,1],"17":[1,1],"18":[1,2],"19":[1,1],"20":[1,1],"21":[1,1],"22":[1,1]}}
}
