TN:
SF:/Users/cong/go/src/github.com/zcong1993/tools/env-plus/src/index.ts
FN:12,(anonymous_0)
FN:20,(anonymous_1)
FN:25,(anonymous_2)
FN:29,(anonymous_3)
FN:38,(anonymous_4)
FN:45,(anonymous_5)
FN:48,(anonymous_6)
FN:58,(anonymous_7)
FN:76,(anonymous_8)
FNF:9
FNH:9
FNDA:2,(anonymous_0)
FNDA:3,(anonymous_1)
FNDA:1,(anonymous_2)
FNDA:4,(anonymous_3)
FNDA:4,(anonymous_4)
FNDA:6,(anonymous_5)
FNDA:3,(anonymous_6)
FNDA:3,(anonymous_7)
FNDA:3,(anonymous_8)
DA:1,1
DA:8,1
DA:16,2
DA:17,2
DA:21,3
DA:22,3
DA:26,1
DA:30,4
DA:31,4
DA:32,2
DA:33,1
DA:35,3
DA:39,4
DA:40,4
DA:41,4
DA:42,2
DA:43,1
DA:45,6
DA:49,3
DA:50,3
DA:51,3
DA:52,2
DA:53,1
DA:55,2
DA:59,3
DA:60,3
DA:61,3
DA:62,3
DA:63,1
DA:66,2
DA:67,2
DA:68,2
DA:69,1
DA:71,2
DA:73,2
DA:77,3
DA:78,3
DA:79,3
DA:80,3
DA:81,1
DA:84,2
DA:85,2
DA:87,2
DA:88,1
DA:90,2
DA:92,2
LF:46
LH:46
BRDA:13,0,0,2
BRDA:14,1,0,1
BRDA:22,2,0,2
BRDA:22,2,1,1
BRDA:31,3,0,2
BRDA:31,3,1,2
BRDA:31,4,0,4
BRDA:31,4,1,2
BRDA:32,5,0,1
BRDA:32,5,1,1
BRDA:38,6,0,3
BRDA:38,7,0,3
BRDA:41,8,0,2
BRDA:41,8,1,2
BRDA:42,9,0,1
BRDA:42,9,1,1
BRDA:45,10,0,2
BRDA:45,10,1,1
BRDA:48,11,0,3
BRDA:51,12,0,2
BRDA:51,12,1,1
BRDA:52,13,0,1
BRDA:52,13,1,1
BRDA:62,14,0,1
BRDA:62,14,1,2
BRDA:66,15,0,1
BRDA:66,15,1,1
BRDA:67,16,0,1
BRDA:67,16,1,1
BRDA:68,17,0,1
BRDA:68,17,1,1
BRDA:80,18,0,1
BRDA:80,18,1,2
BRDA:84,19,0,1
BRDA:84,19,1,1
BRDA:85,20,0,1
BRDA:85,20,1,1
BRDA:87,21,0,1
BRDA:87,21,1,1
BRDA:90,22,0,1
BRDA:90,22,1,1
BRF:41
BRH:41
end_of_record
